13-Oct-2022 12:46:17 INFO - your age not 18
13-Oct-2022 12:46:17 ERROR - error occure while allping driving licence for Rahul
13-Oct-2022 12:46:17 INFO - your age not 18
13-Oct-2022 12:46:17 ERROR - error occure while allping driving licence for Akarsh
13-Oct-2022 12:46:17 INFO - your are not fit
13-Oct-2022 12:46:17 ERROR - error occure while allping driving licence for Lalu
13-Oct-2022 14:21:22 INFO - your age not 18
13-Oct-2022 14:21:22 ERROR - error occure while allping driving licence for Rahul
13-Oct-2022 14:21:22 INFO - your age not 18
13-Oct-2022 14:21:22 ERROR - error occure while allping driving licence for Akarsh
13-Oct-2022 14:21:22 INFO - your are not fit
13-Oct-2022 14:21:22 ERROR - error occure while allping driving licence for Lalu
13-Oct-2022 15:02:24 INFO - your age not 18
13-Oct-2022 15:02:24 ERROR - error occure while allping driving licence for Rahul
13-Oct-2022 15:02:24 INFO - your age not 18
13-Oct-2022 15:02:24 ERROR - error occure while allping driving licence for Akarsh
13-Oct-2022 15:02:24 INFO - your are not fit
13-Oct-2022 15:02:24 ERROR - error occure while allping driving licence for Lalu
13-Oct-2022 15:02:56 INFO - your age not 18
13-Oct-2022 15:02:56 ERROR - error occure while allping driving licence for Rahul
13-Oct-2022 15:02:56 INFO - your age not 18
13-Oct-2022 15:02:56 ERROR - error occure while allping driving licence for Akarsh
13-Oct-2022 15:02:56 INFO - your are not fit
13-Oct-2022 15:02:56 ERROR - error occure while allping driving licence for Lalu
13-Oct-2022 15:11:37 INFO - your age not 18
13-Oct-2022 17:55:10 INFO - your age not 18
13-Oct-2022 17:55:10 ERROR - error occure while allping driving licence for Rahul
13-Oct-2022 17:55:11 INFO - your age not 18
13-Oct-2022 17:55:11 ERROR - error occure while allping driving licence for Akarsh
13-Oct-2022 17:55:11 INFO - your are not fit
13-Oct-2022 17:55:11 ERROR - error occure while allping driving licence for Lalu
13-Oct-2022 17:56:59 INFO - your age not 18
13-Oct-2022 17:56:59 ERROR - error occure while allping driving licence for Rahul
13-Oct-2022 17:57:00 INFO - your age not 18
13-Oct-2022 17:57:00 ERROR - error occure while allping driving licence for Akarsh
13-Oct-2022 17:57:00 INFO - your are not fit
13-Oct-2022 17:57:00 ERROR - error occure while allping driving licence for Lalu
14-Oct-2022 14:41:32 INFO - your age not 18
14-Oct-2022 14:41:32 ERROR - error occure while allping driving licence for Rahul
14-Oct-2022 14:41:34 INFO - your age not 18
14-Oct-2022 14:41:34 ERROR - error occure while allping driving licence for Akarsh
14-Oct-2022 14:41:34 INFO - your are not fit
14-Oct-2022 14:41:34 ERROR - error occure while allping driving licence for Lalu
